


ARM Macro Assembler    Page 1 


    1 00000000 00000004 
                       K_SIZE  EQU              4           ;.include "config_c
                                                            onecta_k.h" MIRAR C
                                                            OMO INCLUIR GLOBALE
                                                            S DE C EN ENSAMBLAD
                                                            OR
    2 00000000 00000004 
                       N_DELTAS
                               EQU              4           ; para recorrer en 
                                                            bucle
    3 00000000 00000007 
                       NUM_FILAS
                               EQU              7
    4 00000000 00000007 
                       NUM_COLUMNAS
                               EQU              7
    5 00000000 00000006 
                       MAX_NO_CERO
                               EQU              6
    6 00000000 00000000 
                       EXITO   EQU              0x0
    7 00000000                 AREA             datos,DATA,READWRITE
    8 00000000 00 FF FF 
              01       deltas_fila
                               DCB              0x00,0xff,0xff,0x01 ; declaraci
                                                            on del vector de fi
                                                            las
    9 00000004 FF 00 FF 
              FF       deltas_columna
                               DCB              0xff,0x00,0xff,0xff ; declaraci
                                                            on del vector de co
                                                            lumnas
   10 00000008         
   11 00000008                 AREA             prog,CODE,READONLY
   12 00000000                 ENTRY
   13 00000000         
   14 00000000                 EXPORT           conecta_K_hay_linea_arm_arm
   15 00000000                 IMPORT           conecta_K_buscar_alineamiento_a
rm
   16 00000000                 PRESERVE8        {TRUE}
   17 00000000         
   18 00000000         conecta_K_hay_linea_arm_arm
   19 00000000         
   20 00000000 E92D4BF0        stmdb            r13!, {r4-r9, fp, lr} ; apilo l
                                                            os registros que po
                                                            dria machacar
   21 00000004 E1A04000        mov              r4, r0      ; r4=t*
   22 00000008 E1A0A003        mov              r10, r3
   23 0000000C E3A05000        mov              r5, #0      ; r5= i
   24 00000010         ;comienza el bucle de la funcion hay_linea
   25 00000010 E3550004 
                       forarmarm
                               cmp              r5, #N_DELTAS
   26 00000014 AA000020        bge              finalFalse
   27 00000018 E3A06000        mov              r6,#0       ;r6=longlinea
   28 0000001C E59F9084        ldr              r9, =deltas_fila ; cargo la dir
                                                            eccion de deltas_fi
                                                            la
   29 00000020 E19970D5        ldrsb            r7, [r9,r5] ; r7 = deltas_fila 



ARM Macro Assembler    Page 2 


                                                            i
   30 00000024 E59F9080        ldr              r9, =deltas_columna ; cargo la 
                                                            direccion de deltas
                                                            _columna
   31 00000028 E19980D5        ldrsb            r8, [r9, r5] ; r8 = deltas_colu
                                                            mna i
   32 0000002C         ;comienza buscar_alineamiento_arm
   33 0000002C E92D0006        stmdb            sp!,{r1-r2}
   34 00000030 E92D0180        stmdb            sp!,{r7-r8} ;metemos params en 
                                                            pila (REVISAR ORDEN
                                                            )
   35 00000034 E1A00004        mov              r0, r4
   36 00000038 E1A0300A        mov              r3, r10
   37 0000003C EBFFFFFE        bl               conecta_K_buscar_alineamiento_a
rm
   38 00000040 E1A06000        mov              r6, r0      ;mover res a reg li
                                                            bre
   39 00000044 E28DD008        add              sp,sp,#8
   40 00000048 E8BD0006        ldmia            sp!,{r1-r2}
   41 0000004C E3560004        cmp              r6, #K_SIZE ; comparamos long l
                                                            inea con ksize
   42 00000050 AA00000E        bge              finalTrue   ; continue (lo mand
                                                            amos al final para 
                                                            evitar comprobacion
                                                            es innecesarias que
                                                             se hacen en c ante
                                                            s de entrar al bucl
                                                            e)
   43 00000054         ;termina buscar_alineamiento_arm
   44 00000054 E92D0006        stmdb            sp!, {r1-r2} ; guardo valores d
                                                            e fila y columna en
                                                             pila
   45 00000058 E2677000        rsb              r7, r7, #0  ;-delta_fila
   46 0000005C E2688000        rsb              r8, r8, #0  ;-delta_columna
   47 00000060 E0811007        add              r1, r1, r7  ;updatefila
   48 00000064 E0822008        add              r2, r2, r8  ;updatecolumna
   49 00000068         ;comienza buscar_alineamiento_arm2
   50 00000068 E1A00004        mov              r0, r4
   51 0000006C E1A0300A        mov              r3, r10
   52 00000070 E92D0180        stmdb            sp!,{r7-r8} ;metemos params en 
                                                            pila (REVISAR ORDEN
                                                            )
   53 00000074 EBFFFFFE        bl               conecta_K_buscar_alineamiento_a
rm
   54 00000078 E0866000        add              r6, r6, r0  ;sumar res a longli
                                                            nea
   55 0000007C E28DD008        add              sp,sp,#8
   56 00000080         ;termina buscar_alineamiento_arm
   57 00000080 E8BD0006        ldmia            sp!, {r1-r2} ; restauro valores
                                                             de fila y columna 
                                                            para siguiente iter
                                                            acion
   58 00000084 E3560004        cmp              r6, #K_SIZE
   59 00000088 B2855001        addlt            r5,r5,#1    ; dejo i actualizad
                                                            o con i++ para la s
                                                            iguiente iteracion
   60 0000008C BAFFFFDF        blt              forarmarm   ; vuelve al for de 
                                                            hay linea forarmarm
                                                            



ARM Macro Assembler    Page 3 


   61 00000090 E3A00001 
                       finalTrue
                               mov              r0, #1      ;; HA FINALIZADO PO
                                                            R LINEA == true
   62 00000094 E8BD4BF0        ldmia            sp!, {r4-r9,fp, lr}
   63 00000098 E12FFF1E        bx               lr
   64 0000009C E3A00000 
                       finalFalse
                               mov              r0, #0
   65 000000A0 E8BD4BF0        ldmia            sp!, {r4-r9, fp, lr} ;;HA FINAL
                                                            IZADO POR I >= n_de
                                                            ltas
   66 000000A4 E12FFF1E        bx               lr
   67 000000A8                 END
              00000000 
              00000000 
Command Line: --debug --xref --diag_suppress=9931 --apcs=interwork --depend=.\o
bjects\conecta_k_hay_linea_arm_arm.d -o.\objects\conecta_k_hay_linea_arm_arm.o 
-IC:\Keil_v5\ARM\RV31\INC -IC:\Keil_v5\ARM\CMSIS\Include -IC:\Keil_v5\ARM\INC\P
hilips --predefine="__EVAL SETA 1" --predefine="__UVISION_VERSION SETA 526" --l
ist=.\listings\conecta_k_hay_linea_arm_arm.lst conecta_K_hay_linea_arm_arm.s



ARM Macro Assembler    Page 1 Alphabetic symbol ordering
Relocatable symbols

datos 00000000

Symbol: datos
   Definitions
      At line 7 in file conecta_K_hay_linea_arm_arm.s
   Uses
      None
Comment: datos unused
deltas_columna 00000004

Symbol: deltas_columna
   Definitions
      At line 9 in file conecta_K_hay_linea_arm_arm.s
   Uses
      At line 30 in file conecta_K_hay_linea_arm_arm.s
Comment: deltas_columna used once
deltas_fila 00000000

Symbol: deltas_fila
   Definitions
      At line 8 in file conecta_K_hay_linea_arm_arm.s
   Uses
      At line 28 in file conecta_K_hay_linea_arm_arm.s
Comment: deltas_fila used once
3 symbols



ARM Macro Assembler    Page 1 Alphabetic symbol ordering
Relocatable symbols

conecta_K_hay_linea_arm_arm 00000000

Symbol: conecta_K_hay_linea_arm_arm
   Definitions
      At line 18 in file conecta_K_hay_linea_arm_arm.s
   Uses
      At line 14 in file conecta_K_hay_linea_arm_arm.s
Comment: conecta_K_hay_linea_arm_arm used once
finalFalse 0000009C

Symbol: finalFalse
   Definitions
      At line 64 in file conecta_K_hay_linea_arm_arm.s
   Uses
      At line 26 in file conecta_K_hay_linea_arm_arm.s
Comment: finalFalse used once
finalTrue 00000090

Symbol: finalTrue
   Definitions
      At line 61 in file conecta_K_hay_linea_arm_arm.s
   Uses
      At line 42 in file conecta_K_hay_linea_arm_arm.s
Comment: finalTrue used once
forarmarm 00000010

Symbol: forarmarm
   Definitions
      At line 25 in file conecta_K_hay_linea_arm_arm.s
   Uses
      At line 60 in file conecta_K_hay_linea_arm_arm.s
Comment: forarmarm used once
prog 00000000

Symbol: prog
   Definitions
      At line 11 in file conecta_K_hay_linea_arm_arm.s
   Uses
      None
Comment: prog unused
5 symbols



ARM Macro Assembler    Page 1 Alphabetic symbol ordering
Absolute symbols

EXITO 00000000

Symbol: EXITO
   Definitions
      At line 6 in file conecta_K_hay_linea_arm_arm.s
   Uses
      None
Comment: EXITO unused
K_SIZE 00000004

Symbol: K_SIZE
   Definitions
      At line 1 in file conecta_K_hay_linea_arm_arm.s
   Uses
      At line 41 in file conecta_K_hay_linea_arm_arm.s
      At line 58 in file conecta_K_hay_linea_arm_arm.s

MAX_NO_CERO 00000006

Symbol: MAX_NO_CERO
   Definitions
      At line 5 in file conecta_K_hay_linea_arm_arm.s
   Uses
      None
Comment: MAX_NO_CERO unused
NUM_COLUMNAS 00000007

Symbol: NUM_COLUMNAS
   Definitions
      At line 4 in file conecta_K_hay_linea_arm_arm.s
   Uses
      None
Comment: NUM_COLUMNAS unused
NUM_FILAS 00000007

Symbol: NUM_FILAS
   Definitions
      At line 3 in file conecta_K_hay_linea_arm_arm.s
   Uses
      None
Comment: NUM_FILAS unused
N_DELTAS 00000004

Symbol: N_DELTAS
   Definitions
      At line 2 in file conecta_K_hay_linea_arm_arm.s
   Uses
      At line 25 in file conecta_K_hay_linea_arm_arm.s
Comment: N_DELTAS used once
6 symbols



ARM Macro Assembler    Page 1 Alphabetic symbol ordering
External symbols

conecta_K_buscar_alineamiento_arm 00000000

Symbol: conecta_K_buscar_alineamiento_arm
   Definitions
      At line 15 in file conecta_K_hay_linea_arm_arm.s
   Uses
      At line 37 in file conecta_K_hay_linea_arm_arm.s
      At line 53 in file conecta_K_hay_linea_arm_arm.s

1 symbol
349 symbols in table
