


ARM Macro Assembler    Page 1 


    1 00000000 00000007 
                       NUM_FILAS
                               EQU              7
    2 00000000 00000007 
                       NUM_COLUMNAS
                               EQU              7
    3 00000000 00000006 
                       MAX_NO_CERO
                               EQU              6
    4 00000000 00000000 
                       EXITO   EQU              0x0
    5 00000000                 AREA             datos,DATA,READWRITE
    6 00000000         
    7 00000000                 AREA             prog,CODE,READONLY
    8 00000000                 ENTRY
    9 00000000                 IMPORT           tablero_buscar_color
   10 00000000                 EXPORT           conecta_K_buscar_alineamiento_a
rm
   11 00000000                 PRESERVE8        {TRUE}      ; solución temas de
                                                             alineamiento y dat
                                                            os que vienen de C
   12 00000000         
   13 00000000         conecta_K_buscar_alineamiento_arm
   14 00000000 E1A0C00D        mov              ip, sp
   15 00000004 E92D5FF0        stmdb            sp!, {r4-r10, fp, ip,lr}
   16 00000008 E1A04000        mov              r4, r0      ; r4=t
   17 0000000C E1A05001        mov              r5, r1      ; r5 = fila
   18 00000010 E1A06002        mov              r6, r2      ; r6 = columna
   19 00000014 E1A07003        mov              r7, r3      ; r7 = color
   20 00000018         ; empieza Tablero_buscar_color
   21 00000018 E3550007        cmp              r5, #NUM_FILAS ; comparo r5 con
                                                             munfilas para sabe
                                                            r si es incorrecto
   22 0000001C A3A00000        movge            r0, #0x00
   23 00000020 AA00001F        bge              final       ;
   24 00000024         
   25 00000024 E3560007        cmp              r6, #NUM_COLUMNAS ;comparo r5 c
                                                            on numColumnas para
                                                             saber si es incorr
                                                            ecto
   26 00000028 A3A00000        movge            r0, #0x00
   27 0000002C AA00001C        bge              final       ;
   28 00000030         
   29 00000030 E3A0A000        mov              r10, #0     ; col = 0
   30 00000034         
   31 00000034 E35A0006 
                       for1    cmp              r10, #MAX_NO_CERO ; bucle que e
                                                            ncuentra la columna
                                                             de la ficha a anal
                                                            izar el color
   32 00000038 AA000005        bge              fuera
   33 0000003C         
   34 0000003C E0850085        add              r0, r5, r5, LSL #1
   35 00000040 E0840080        add              r0, r4, r0, LSL #1
   36 00000044 E7D0100A        ldrb             r1, [r0, r10]
   37 00000048 E1510006        cmp              r1, r6
   38 0000004C 128AA001        addne            r10, r10, #1
   39 00000050 1AFFFFF7        bne              for1
   40 00000054         fuera



ARM Macro Assembler    Page 2 


   41 00000054 E35A0006        cmp              r10, #MAX_NO_CERO
   42 00000058 03A00000        moveq            r0, #0x00
   43 0000005C 0A000010        beq              final       ;
   44 00000060         
   45 00000060 E0851085        add              r1,r5, r5, LSL #1
   46 00000064 E284202A        add              r2, r4, #0x0000002a
   47 00000068 E0821081        add              r1, r2, r1, LSL #1
   48 0000006C E7D1000A        LDRB             r0, [r1, r10]
   49 00000070 E2000003        AND              r0, r0, #0x03 ; se compara el c
                                                            olor sacado  
   50 00000074 E1500007        cmp              r0, r7
   51 00000078 13A00000        movne            r0, #0x00
   52 0000007C 1A000008        bne              final       ;
   53 00000080         ;termina tablero_buscar_color
   54 00000080         
   55 00000080 E89C0300        ldmia            ip, {r8,r9} ; cargamos los delt
                                                            as
   56 00000084 E0851008        add              r1, r5, r8  ; nueva fila
   57 00000088 E0862009        add              r2, r6, r9  ; nueva columna
   58 0000008C E92D0300        stmdb            sp!, {r8, r9} ; apilo deltas
   59 00000090 E1A00004        mov              r0, r4
   60 00000094 E1A03007        mov              r3, r7
   61 00000098 EBFFFFFE        bl               conecta_K_buscar_alineamiento_a
rm
   62 0000009C E28DD008        add              sp, sp, #8  ; libero pila
   63 000000A0 E2800001        add              r0,r0, #0x01 ;  1 + la llamada 
                                                            recursiva
   64 000000A4 E8BD5FF0 
                       final   ldmia            sp!, {r4-r10, fp, ip,lr}
   65 000000A8 E1A0D00C        mov              sp, ip
   66 000000AC E12FFF1E        bx               r14
   67 000000B0         
   68 000000B0                 END
Command Line: --debug --xref --diag_suppress=9931 --apcs=interwork --depend=.\o
bjects\conecta_k_buscar_alineamiento_arm.d -o.\objects\conecta_k_buscar_alineam
iento_arm.o -IC:\Keil_v5\ARM\RV31\INC -IC:\Keil_v5\ARM\CMSIS\Include -IC:\Keil_
v5\ARM\INC\Philips --predefine="__EVAL SETA 1" --predefine="__UVISION_VERSION S
ETA 526" --list=.\listings\conecta_k_buscar_alineamiento_arm.lst conecta_K_busc
ar_alineamiento_arm.s



ARM Macro Assembler    Page 1 Alphabetic symbol ordering
Relocatable symbols

datos 00000000

Symbol: datos
   Definitions
      At line 5 in file conecta_K_buscar_alineamiento_arm.s
   Uses
      None
Comment: datos unused
1 symbol



ARM Macro Assembler    Page 1 Alphabetic symbol ordering
Relocatable symbols

conecta_K_buscar_alineamiento_arm 00000000

Symbol: conecta_K_buscar_alineamiento_arm
   Definitions
      At line 13 in file conecta_K_buscar_alineamiento_arm.s
   Uses
      At line 10 in file conecta_K_buscar_alineamiento_arm.s
      At line 61 in file conecta_K_buscar_alineamiento_arm.s

final 000000A4

Symbol: final
   Definitions
      At line 64 in file conecta_K_buscar_alineamiento_arm.s
   Uses
      At line 23 in file conecta_K_buscar_alineamiento_arm.s
      At line 27 in file conecta_K_buscar_alineamiento_arm.s
      At line 43 in file conecta_K_buscar_alineamiento_arm.s
      At line 52 in file conecta_K_buscar_alineamiento_arm.s

for1 00000034

Symbol: for1
   Definitions
      At line 31 in file conecta_K_buscar_alineamiento_arm.s
   Uses
      At line 39 in file conecta_K_buscar_alineamiento_arm.s
Comment: for1 used once
fuera 00000054

Symbol: fuera
   Definitions
      At line 40 in file conecta_K_buscar_alineamiento_arm.s
   Uses
      At line 32 in file conecta_K_buscar_alineamiento_arm.s
Comment: fuera used once
prog 00000000

Symbol: prog
   Definitions
      At line 7 in file conecta_K_buscar_alineamiento_arm.s
   Uses
      None
Comment: prog unused
5 symbols



ARM Macro Assembler    Page 1 Alphabetic symbol ordering
Absolute symbols

EXITO 00000000

Symbol: EXITO
   Definitions
      At line 4 in file conecta_K_buscar_alineamiento_arm.s
   Uses
      None
Comment: EXITO unused
MAX_NO_CERO 00000006

Symbol: MAX_NO_CERO
   Definitions
      At line 3 in file conecta_K_buscar_alineamiento_arm.s
   Uses
      At line 31 in file conecta_K_buscar_alineamiento_arm.s
      At line 41 in file conecta_K_buscar_alineamiento_arm.s

NUM_COLUMNAS 00000007

Symbol: NUM_COLUMNAS
   Definitions
      At line 2 in file conecta_K_buscar_alineamiento_arm.s
   Uses
      At line 25 in file conecta_K_buscar_alineamiento_arm.s
Comment: NUM_COLUMNAS used once
NUM_FILAS 00000007

Symbol: NUM_FILAS
   Definitions
      At line 1 in file conecta_K_buscar_alineamiento_arm.s
   Uses
      At line 21 in file conecta_K_buscar_alineamiento_arm.s
Comment: NUM_FILAS used once
4 symbols



ARM Macro Assembler    Page 1 Alphabetic symbol ordering
External symbols

tablero_buscar_color 00000000

Symbol: tablero_buscar_color
   Definitions
      At line 9 in file conecta_K_buscar_alineamiento_arm.s
   Uses
      None
Comment: tablero_buscar_color unused
1 symbol
343 symbols in table
